<?xml version="1.0" encoding="UTF-8"?>
<testng-results skipped="0" failed="0" total="1" passed="1">
  <reporter-output>
  </reporter-output>
  <suite name="SuiteDriver" duration-ms="21" started-at="2015-10-27T07:47:54Z" finished-at="2015-10-27T07:47:54Z">
    <groups>
    </groups>
    <test name="SuiteDriverTest" duration-ms="21" started-at="2015-10-27T07:47:54Z" finished-at="2015-10-27T07:47:54Z">
      <class name="regression.SampleTest">
        <test-method status="PASS" signature="beforeClass()[pri:0, instance:regression.SampleTest@64521357]" name="beforeClass" is-config="true" duration-ms="9" started-at="2015-10-27T13:17:54Z" finished-at="2015-10-27T13:17:54Z">
          <reporter-output>
          </reporter-output>
        </test-method> <!-- beforeClass -->
        <test-method status="PASS" signature="infoTest()[pri:0, instance:regression.SampleTest@64521357]" name="infoTest" duration-ms="0" started-at="2015-10-27T13:17:54Z" finished-at="2015-10-27T13:17:54Z">
          <reporter-output>
          </reporter-output>
        </test-method> <!-- infoTest -->
        <test-method status="PASS" signature="afterClass()[pri:0, instance:regression.SampleTest@64521357]" name="afterClass" is-config="true" duration-ms="0" started-at="2015-10-27T13:17:54Z" finished-at="2015-10-27T13:17:54Z">
          <reporter-output>
          </reporter-output>
        </test-method> <!-- afterClass -->
      </class> <!-- regression.SampleTest -->
    </test> <!-- SuiteDriverTest -->
  </suite> <!-- SuiteDriver -->
</testng-results>
